2021-10-03 22:05:33.632 [main] INFO  Freerouting v1.4.5-SNAPSHOT (build-date: 2021-09-22)
2021-10-03 22:05:34.644 [main] TRACE Method 'MainApplication.main()' was performed in 1.18 seconds.
2021-10-03 22:05:56.531 [AWT-EventQueue-0] INFO  Opening 'rosco_pro_030_proto.dsn'...
2021-10-03 22:05:57.843 [AWT-EventQueue-0] INFO  Opening 'rosco_pro_030_proto.rules'...
2021-10-03 22:05:57.844 [AWT-EventQueue-0] ERROR File 'rosco_pro_030_proto.rules' was not found.
2021-10-03 22:13:16.884 [Thread-0] INFO  Starting auto-routing...
2021-10-03 22:13:55.907 [Thread-0] TRACE Method 'BatchAutorouter.autoroute_pass #1 on board '129b991cb590a19392ac3ddaa087fcfa' making 87 changes' was performed in 38.77 seconds.
2021-10-03 22:13:57.590 [Thread-0] TRACE Method 'BatchAutorouter.autoroute_pass #2 on board '2c8660796772128e12335f0c5d9bc307' making 0 changes' was performed in 1.59 seconds.
2021-10-03 22:13:57.599 [Thread-0] TRACE Method 'BatchAutorouterThread.thread_action()-autorouting' was performed in 40.71 seconds.
2021-10-03 22:13:57.600 [Thread-0] INFO  Auto-routing was completed in 40.71 seconds.
2021-10-03 22:13:57.601 [Thread-0] INFO  Starting routing optimization...
2021-10-03 22:13:57.603 [Thread-0] ERROR / by zero
java.lang.ArithmeticException: / by zero
	at eu.mihosoft.freerouting.interactive.BatchAutorouterThread.thread_action(BatchAutorouterThread.java:146) [freerouting-SNAPSHOT-2021-09-22_13-16-03.jar:unspecified]
	at eu.mihosoft.freerouting.interactive.InteractiveActionThread.run(InteractiveActionThread.java:80) [freerouting-SNAPSHOT-2021-09-22_13-16-03.jar:unspecified]
2021-10-03 22:13:57.612 [Thread-0] TRACE Method 'BatchAutorouterThread.thread_action()' was performed in 40.73 seconds.
2021-10-03 22:17:46.048 [AWT-EventQueue-0] INFO  Opening 'rosco_pro_030_proto.dsn'...
2021-10-03 22:17:46.866 [AWT-EventQueue-0] INFO  Opening 'rosco_pro_030_proto.rules'...
2021-10-03 22:17:46.867 [AWT-EventQueue-0] ERROR File 'rosco_pro_030_proto.rules' was not found.
2021-10-03 22:18:22.486 [Thread-1] INFO  Starting auto-routing...
2021-10-03 22:53:04.204 [Thread-1] TRACE Method 'BatchAutorouter.autoroute_pass #1 on board '129b991cb590a19392ac3ddaa087fcfa' making 1357 changes' was performed in 34 minute(s) 41.63 seconds.
2021-10-03 23:41:12.947 [Thread-1] TRACE Method 'BatchAutorouter.autoroute_pass #2 on board '816d493afef920234e1d49a0370dee18' making 1022 changes' was performed in 48 minute(s) 8.64 seconds.
2021-10-04 00:25:51.599 [Thread-1] TRACE Method 'BatchAutorouter.autoroute_pass #3 on board '8a27b30e24ed7d8e417c3573b05b50d7' making 923 changes' was performed in 44 minute(s) 38.56 seconds.
2021-10-04 00:59:00.195 [Thread-1] TRACE Method 'BatchAutorouter.autoroute_pass #4 on board 'c56ab64755c8a24bcbde95d335c05f19' making 672 changes' was performed in 33 minute(s) 8.48 seconds.
2021-10-04 01:31:35.583 [Thread-1] TRACE Method 'BatchAutorouter.autoroute_pass #5 on board '955782d5d43ababdb2e14de0bdf43805' making 531 changes' was performed in 32 minute(s) 35.30 seconds.
2021-10-04 01:59:17.184 [Thread-1] TRACE Method 'BatchAutorouter.autoroute_pass #6 on board '2ef68d6237609ce310345b0d68325990' making 406 changes' was performed in 27 minute(s) 41.51 seconds.
2021-10-04 02:22:04.196 [Thread-1] TRACE Method 'BatchAutorouter.autoroute_pass #7 on board 'fd9a58d2915dd75cbbd64e441fa8153c' making 260 changes' was performed in 22 minute(s) 46.92 seconds.
2021-10-04 02:42:16.957 [Thread-1] TRACE Method 'BatchAutorouter.autoroute_pass #8 on board '6fd89917eeb0f426f2eac36036de5ca9' making 2 changes' was performed in 20 minute(s) 12.67 seconds.
2021-10-04 03:03:26.336 [Thread-1] TRACE Method 'BatchAutorouter.autoroute_pass #9 on board '461df77b5e32c4739179e6639710d24c' making 0 changes' was performed in 21 minute(s) 9.29 seconds.
2021-10-04 03:03:26.354 [Thread-1] TRACE Method 'BatchAutorouterThread.thread_action()-autorouting' was performed in 4 hour(s) 45 minute(s) 3.87 seconds.
2021-10-04 03:03:26.355 [Thread-1] INFO  Auto-routing was completed in 4 hour(s) 45 minute(s) 3.87 seconds.
2021-10-04 03:03:26.356 [Thread-1] INFO  Starting routing optimization...
2021-10-04 03:05:19.489 [Thread-1] TRACE Method 'BatchOptRouteMT.opt_route_pass #1 with 0 items, 348 vias and 41,866.12 trace length running on 32 threads.' was performed in 1 minute(s) 53.01 seconds.
2021-10-04 03:05:19.491 [Thread-1] INFO  Saving '/Users/rosco/Development/rosco-m68k/rosco_m68k_pro/design/pro_030_proto/kicad/rosco_pro_030_proto_op1.bin'...
2021-10-04 03:07:11.669 [Thread-1] TRACE Method 'BatchOptRouteMT.opt_route_pass #2 with 966 items, 348 vias and 41,866.12 trace length running on 32 threads.' was performed in 1 minute(s) 51.70 seconds.
2021-10-04 03:07:11.673 [Thread-1] TRACE Method 'BatchAutorouterThread.thread_action()-routeoptimization' was performed in 3 minute(s) 45.31 seconds.
2021-10-04 03:07:11.674 [Thread-1] INFO  Routing optimization was completed in 3 minute(s) 45.31 seconds.
2021-10-04 03:07:11.830 [Thread-1] TRACE Method 'BatchAutorouterThread.thread_action()' was performed in 4 hour(s) 48 minute(s) 49.34 seconds.
2021-10-04 09:42:40.986 [AWT-EventQueue-0] INFO  Saving 'rosco_pro_030_proto.ses'...
2021-10-04 09:42:43.927 [AWT-EventQueue-0] INFO  Saving 'rosco_pro_030_proto.rules'...
